E:\数据结构实验\实验3-Prim最小生成树-1\实验3-Prim最小生成树-1\实验3-Prim最小生成树-1.vcxproj(64,5): warning MSB4011: 无法再次导入“C:\Users\Hbr\AppData\Local\Microsoft\MSBuild\v4.0\Microsoft.Cpp.x64.user.props”。可能已在“E:\数据结构实验\实验3-Prim最小生成树-1\实验3-Prim最小生成树-1\实验3-Prim最小生成树-1.vcxproj (58,5)”处导入过它。这很可能是生成创作错误。将忽略此后续导入。
  实验3-Prim最小生成树-1.c
e:\数据结构实验\实验3-prim最小生成树-1\实验3-prim最小生成树-1\实验3-prim最小生成树-1.c(73): warning C4047: “=”:“int *”与“int”的间接级别不同
e:\数据结构实验\实验3-prim最小生成树-1\实验3-prim最小生成树-1\实验3-prim最小生成树-1.c(100): warning C4047: “=”:“int *”与“int”的间接级别不同
e:\数据结构实验\实验3-prim最小生成树-1\实验3-prim最小生成树-1\实验3-prim最小生成树-1.c(101): warning C4047: “=”:“int *”与“int”的间接级别不同
e:\数据结构实验\实验3-prim最小生成树-1\实验3-prim最小生成树-1\实验3-prim最小生成树-1.c(115): warning C4047: “==”:“int *”与“int”的间接级别不同
e:\数据结构实验\实验3-prim最小生成树-1\实验3-prim最小生成树-1\实验3-prim最小生成树-1.c(122): warning C4477: “printf”: 格式字符串“%-3d”需要类型“int”的参数，但可变参数 1 拥有了类型“int *”
e:\数据结构实验\实验3-prim最小生成树-1\实验3-prim最小生成树-1\实验3-prim最小生成树-1.c(122): warning C4313: “printf”: 格式字符串中的“%d”与“int *”类型的参数 1 冲突
e:\数据结构实验\实验3-prim最小生成树-1\实验3-prim最小生成树-1\实验3-prim最小生成树-1.c(149): warning C4047: “=”:“int”与“int *”的间接级别不同
e:\数据结构实验\实验3-prim最小生成树-1\实验3-prim最小生成树-1\实验3-prim最小生成树-1.c(177): warning C4047: “>”:“int”与“int *”的间接级别不同
e:\数据结构实验\实验3-prim最小生成树-1\实验3-prim最小生成树-1\实验3-prim最小生成树-1.c(179): warning C4047: “=”:“int”与“int *”的间接级别不同
e:\数据结构实验\实验3-prim最小生成树-1\实验3-prim最小生成树-1\实验3-prim最小生成树-1.c(272): warning C4101: “j”: 未引用的局部变量
e:\数据结构实验\实验3-prim最小生成树-1\实验3-prim最小生成树-1\实验3-prim最小生成树-1.c(296): warning C4477: “scanf_s”: 格式字符串“%s”需要类型“char *”的参数，但可变参数 1 拥有了类型“char **”
  e:\数据结构实验\实验3-prim最小生成树-1\实验3-prim最小生成树-1\实验3-prim最小生成树-1.c(296): note: 此参数由转换说明符使用
e:\数据结构实验\实验3-prim最小生成树-1\实验3-prim最小生成树-1\实验3-prim最小生成树-1.c(297): warning C4047: “函数”:“char *”与“char *[100]”的间接级别不同
e:\数据结构实验\实验3-prim最小生成树-1\实验3-prim最小生成树-1\实验3-prim最小生成树-1.c(297): warning C4024: “Located”: 形参和实参 2 的类型不同
e:\数据结构实验\实验3-prim最小生成树-1\实验3-prim最小生成树-1\实验3-prim最小生成树-1.c(301): warning C4047: “函数”:“const char *”与“char *[100]”的间接级别不同
e:\数据结构实验\实验3-prim最小生成树-1\实验3-prim最小生成树-1\实验3-prim最小生成树-1.c(301): warning C4024: “strcpy_s”: 形参和实参 3 的类型不同
e:\数据结构实验\实验3-prim最小生成树-1\实验3-prim最小生成树-1\实验3-prim最小生成树-1.c(302): warning C4047: “=”:“int”与“int *”的间接级别不同
e:\数据结构实验\实验3-prim最小生成树-1\实验3-prim最小生成树-1\实验3-prim最小生成树-1.c(317): warning C4047: “<”:“int *”与“int”的间接级别不同
e:\数据结构实验\实验3-prim最小生成树-1\实验3-prim最小生成树-1\实验3-prim最小生成树-1.c(319): warning C4047: “=”:“int”与“int *”的间接级别不同
  实验3-Prim最小生成树-1.vcxproj -> E:\数据结构实验\实验3-Prim最小生成树-1\x64\Debug\实验3-Prim最小生成树-1.exe
