e:\数据结构\案例-括号的就近匹配\案例-括号的就近匹配\案例-括号的就近匹配\debug\vc141.pdb
e:\数据结构\案例-括号的就近匹配\案例-括号的就近匹配\案例-括号的就近匹配\debug\vc141.idb
e:\数据结构\案例-括号的就近匹配\案例-括号的就近匹配\案例-括号的就近匹配\debug\案例-括号的就近匹配.obj
e:\数据结构\案例-括号的就近匹配\案例-括号的就近匹配\debug\案例-括号的就近匹配.pdb
e:\数据结构\案例-括号的就近匹配\案例-括号的就近匹配\案例-括号的就近匹配\debug\案例-括号的就近匹配.tlog\cl.command.1.tlog
e:\数据结构\案例-括号的就近匹配\案例-括号的就近匹配\案例-括号的就近匹配\debug\案例-括号的就近匹配.tlog\cl.read.1.tlog
e:\数据结构\案例-括号的就近匹配\案例-括号的就近匹配\案例-括号的就近匹配\debug\案例-括号的就近匹配.tlog\cl.write.1.tlog
e:\数据结构\案例-括号的就近匹配\案例-括号的就近匹配\案例-括号的就近匹配\debug\案例-括号的就近匹配.tlog\link-cvtres.read.1.tlog
e:\数据结构\案例-括号的就近匹配\案例-括号的就近匹配\案例-括号的就近匹配\debug\案例-括号的就近匹配.tlog\link-cvtres.write.1.tlog
e:\数据结构\案例-括号的就近匹配\案例-括号的就近匹配\案例-括号的就近匹配\debug\案例-括号的就近匹配.tlog\link-rc.read.1.tlog
e:\数据结构\案例-括号的就近匹配\案例-括号的就近匹配\案例-括号的就近匹配\debug\案例-括号的就近匹配.tlog\link-rc.write.1.tlog
e:\数据结构\案例-括号的就近匹配\案例-括号的就近匹配\案例-括号的就近匹配\debug\案例-括号的就近匹配.tlog\link.25904-cvtres.read.1.tlog
e:\数据结构\案例-括号的就近匹配\案例-括号的就近匹配\案例-括号的就近匹配\debug\案例-括号的就近匹配.tlog\link.25904-cvtres.write.1.tlog
e:\数据结构\案例-括号的就近匹配\案例-括号的就近匹配\案例-括号的就近匹配\debug\案例-括号的就近匹配.tlog\link.25904-rc.read.1.tlog
e:\数据结构\案例-括号的就近匹配\案例-括号的就近匹配\案例-括号的就近匹配\debug\案例-括号的就近匹配.tlog\link.25904-rc.write.1.tlog
e:\数据结构\案例-括号的就近匹配\案例-括号的就近匹配\案例-括号的就近匹配\debug\案例-括号的就近匹配.tlog\link.25904.read.1.tlog
e:\数据结构\案例-括号的就近匹配\案例-括号的就近匹配\案例-括号的就近匹配\debug\案例-括号的就近匹配.tlog\link.25904.write.1.tlog
e:\数据结构\案例-括号的就近匹配\案例-括号的就近匹配\案例-括号的就近匹配\debug\案例-括号的就近匹配.tlog\link.command.1.tlog
e:\数据结构\案例-括号的就近匹配\案例-括号的就近匹配\案例-括号的就近匹配\debug\案例-括号的就近匹配.tlog\link.read.1.tlog
e:\数据结构\案例-括号的就近匹配\案例-括号的就近匹配\案例-括号的就近匹配\debug\案例-括号的就近匹配.tlog\link.write.1.tlog
